<?xml version="1.0" encoding="UTF-8"?>
<testsuite name="arv.mgstest.MgstestApplicationTests" tests="1" skipped="0" failures="0" errors="0" timestamp="2022-04-07T13:19:00" hostname="arvik-H87M-D3H" time="0.308">
  <properties/>
  <testcase name="contextLoads()" classname="arv.mgstest.MgstestApplicationTests" time="0.308"/>
  <system-out><![CDATA[16:18:58.140 [Test worker] DEBUG org.springframework.test.context.BootstrapUtils - Instantiating CacheAwareContextLoaderDelegate from class [org.springframework.test.context.cache.DefaultCacheAwareContextLoaderDelegate]
16:18:58.147 [Test worker] DEBUG org.springframework.test.context.BootstrapUtils - Instantiating BootstrapContext using constructor [public org.springframework.test.context.support.DefaultBootstrapContext(java.lang.Class,org.springframework.test.context.CacheAwareContextLoaderDelegate)]
16:18:58.176 [Test worker] DEBUG org.springframework.test.context.BootstrapUtils - Instantiating TestContextBootstrapper for test class [arv.mgstest.MgstestApplicationTests] from class [org.springframework.boot.test.context.SpringBootTestContextBootstrapper]
16:18:58.185 [Test worker] INFO org.springframework.boot.test.context.SpringBootTestContextBootstrapper - Neither @ContextConfiguration nor @ContextHierarchy found for test class [arv.mgstest.MgstestApplicationTests], using SpringBootContextLoader
16:18:58.188 [Test worker] DEBUG org.springframework.test.context.support.AbstractContextLoader - Did not detect default resource location for test class [arv.mgstest.MgstestApplicationTests]: class path resource [arv/mgstest/MgstestApplicationTests-context.xml] does not exist
16:18:58.189 [Test worker] DEBUG org.springframework.test.context.support.AbstractContextLoader - Did not detect default resource location for test class [arv.mgstest.MgstestApplicationTests]: class path resource [arv/mgstest/MgstestApplicationTestsContext.groovy] does not exist
16:18:58.189 [Test worker] INFO org.springframework.test.context.support.AbstractContextLoader - Could not detect default resource locations for test class [arv.mgstest.MgstestApplicationTests]: no resource found for suffixes {-context.xml, Context.groovy}.
16:18:58.190 [Test worker] INFO org.springframework.test.context.support.AnnotationConfigContextLoaderUtils - Could not detect default configuration classes for test class [arv.mgstest.MgstestApplicationTests]: MgstestApplicationTests does not declare any static, non-private, non-final, nested classes annotated with @Configuration.
16:18:58.227 [Test worker] DEBUG org.springframework.test.context.support.ActiveProfilesUtils - Could not find an 'annotation declaring class' for annotation type [org.springframework.test.context.ActiveProfiles] and class [arv.mgstest.MgstestApplicationTests]
16:18:58.269 [Test worker] DEBUG org.springframework.context.annotation.ClassPathScanningCandidateComponentProvider - Identified candidate component class: file [/home/arvik/IdeaProjects/mgstest/build/classes/java/main/arv/mgstest/MgstestApplication.class]
16:18:58.270 [Test worker] INFO org.springframework.boot.test.context.SpringBootTestContextBootstrapper - Found @SpringBootConfiguration arv.mgstest.MgstestApplication for test class arv.mgstest.MgstestApplicationTests
16:18:58.334 [Test worker] DEBUG org.springframework.boot.test.context.SpringBootTestContextBootstrapper - @TestExecutionListeners is not present for class [arv.mgstest.MgstestApplicationTests]: using defaults.
16:18:58.334 [Test worker] INFO org.springframework.boot.test.context.SpringBootTestContextBootstrapper - Loaded default TestExecutionListener class names from location [META-INF/spring.factories]: [org.springframework.boot.test.autoconfigure.restdocs.RestDocsTestExecutionListener, org.springframework.boot.test.autoconfigure.web.client.MockRestServiceServerResetTestExecutionListener, org.springframework.boot.test.autoconfigure.web.servlet.MockMvcPrintOnlyOnFailureTestExecutionListener, org.springframework.boot.test.autoconfigure.web.servlet.WebDriverTestExecutionListener, org.springframework.boot.test.autoconfigure.webservices.client.MockWebServiceServerTestExecutionListener, org.springframework.boot.test.mock.mockito.MockitoTestExecutionListener, org.springframework.boot.test.mock.mockito.ResetMocksTestExecutionListener, org.springframework.test.context.web.ServletTestExecutionListener, org.springframework.test.context.support.DirtiesContextBeforeModesTestExecutionListener, org.springframework.test.context.event.ApplicationEventsTestExecutionListener, org.springframework.test.context.support.DependencyInjectionTestExecutionListener, org.springframework.test.context.support.DirtiesContextTestExecutionListener, org.springframework.test.context.transaction.TransactionalTestExecutionListener, org.springframework.test.context.jdbc.SqlScriptsTestExecutionListener, org.springframework.test.context.event.EventPublishingTestExecutionListener]
16:18:58.342 [Test worker] DEBUG org.springframework.boot.test.context.SpringBootTestContextBootstrapper - Skipping candidate TestExecutionListener [org.springframework.test.context.transaction.TransactionalTestExecutionListener] due to a missing dependency. Specify custom listener classes or make the default listener classes and their required dependencies available. Offending class: [org/springframework/transaction/interceptor/TransactionAttributeSource]
16:18:58.343 [Test worker] DEBUG org.springframework.boot.test.context.SpringBootTestContextBootstrapper - Skipping candidate TestExecutionListener [org.springframework.test.context.jdbc.SqlScriptsTestExecutionListener] due to a missing dependency. Specify custom listener classes or make the default listener classes and their required dependencies available. Offending class: [org/springframework/transaction/interceptor/TransactionAttribute]
16:18:58.343 [Test worker] INFO org.springframework.boot.test.context.SpringBootTestContextBootstrapper - Using TestExecutionListeners: [org.springframework.test.context.web.ServletTestExecutionListener@4504d271, org.springframework.test.context.support.DirtiesContextBeforeModesTestExecutionListener@207b8649, org.springframework.test.context.event.ApplicationEventsTestExecutionListener@65b3a85a, org.springframework.boot.test.mock.mockito.MockitoTestExecutionListener@34997338, org.springframework.boot.test.autoconfigure.SpringBootDependencyInjectionTestExecutionListener@57eda880, org.springframework.test.context.support.DirtiesContextTestExecutionListener@2b5825fa, org.springframework.test.context.event.EventPublishingTestExecutionListener@53d1b9b3, org.springframework.boot.test.autoconfigure.restdocs.RestDocsTestExecutionListener@2cae1042, org.springframework.boot.test.autoconfigure.web.client.MockRestServiceServerResetTestExecutionListener@163d04ff, org.springframework.boot.test.autoconfigure.web.servlet.MockMvcPrintOnlyOnFailureTestExecutionListener@7c209437, org.springframework.boot.test.autoconfigure.web.servlet.WebDriverTestExecutionListener@2262b621, org.springframework.boot.test.autoconfigure.webservices.client.MockWebServiceServerTestExecutionListener@7e928e2f, org.springframework.boot.test.mock.mockito.ResetMocksTestExecutionListener@f667fe]
16:18:58.346 [Test worker] DEBUG org.springframework.test.context.support.AbstractDirtiesContextTestExecutionListener - Before test class: context [DefaultTestContext@1f2f9244 testClass = MgstestApplicationTests, testInstance = [null], testMethod = [null], testException = [null], mergedContextConfiguration = [WebMergedContextConfiguration@4c4d27c8 testClass = MgstestApplicationTests, locations = '{}', classes = '{class arv.mgstest.MgstestApplication}', contextInitializerClasses = '[]', activeProfiles = '{}', propertySourceLocations = '{}', propertySourceProperties = '{org.springframework.boot.test.context.SpringBootTestContextBootstrapper=true}', contextCustomizers = set[org.springframework.boot.test.autoconfigure.actuate.metrics.MetricsExportContextCustomizerFactory$DisableMetricExportContextCustomizer@573906eb, org.springframework.boot.test.autoconfigure.properties.PropertyMappingContextCustomizer@0, org.springframework.boot.test.autoconfigure.web.servlet.WebDriverContextCustomizerFactory$Customizer@4ddbbdf8, org.springframework.boot.test.context.filter.ExcludeFilterContextCustomizer@1115ec15, org.springframework.boot.test.json.DuplicateJsonObjectContextCustomizerFactory$DuplicateJsonObjectContextCustomizer@3af0a9da, org.springframework.boot.test.mock.mockito.MockitoContextCustomizer@0, org.springframework.boot.test.web.client.TestRestTemplateContextCustomizer@ae3540e, org.springframework.boot.test.context.SpringBootTestArgs@1, org.springframework.boot.test.context.SpringBootTestWebEnvironment@55b0dcab], resourceBasePath = 'src/main/webapp', contextLoader = 'org.springframework.boot.test.context.SpringBootContextLoader', parent = [null]], attributes = map['org.springframework.test.context.web.ServletTestExecutionListener.activateListener' -> true]], class annotated with @DirtiesContext [false] with mode [null].

  .   ____          _            __ _ _
 /\\ / ___'_ __ _ _(_)_ __  __ _ \ \ \ \
( ( )\___ | '_ | '_| | '_ \/ _` | \ \ \ \
 \\/  ___)| |_)| | | | | || (_| |  ) ) ) )
  '  |____| .__|_| |_|_| |_\__, | / / / /
 =========|_|==============|___/=/_/_/_/
 :: Spring Boot ::                (v2.6.6)

2022-04-07 16:18:58.615  INFO 47400 --- [    Test worker] arv.mgstest.MgstestApplicationTests      : Starting MgstestApplicationTests using Java 14.0.2 on arvik-H87M-D3H with PID 47400 (started by arvik in /home/arvik/IdeaProjects/mgstest)
2022-04-07 16:18:58.616  INFO 47400 --- [    Test worker] arv.mgstest.MgstestApplicationTests      : No active profile set, falling back to 1 default profile: "default"
2022-04-07 16:18:59.848  INFO 47400 --- [    Test worker] o.s.b.a.w.s.WelcomePageHandlerMapping    : Adding welcome page: class path resource [static/index.html]
2022-04-07 16:19:00.442  INFO 47400 --- [    Test worker] o.s.m.s.b.SimpleBrokerMessageHandler     : Starting...
2022-04-07 16:19:00.443  INFO 47400 --- [    Test worker] o.s.m.s.b.SimpleBrokerMessageHandler     : BrokerAvailabilityEvent[available=true, SimpleBrokerMessageHandler [org.springframework.messaging.simp.broker.DefaultSubscriptionRegistry@60f77af]]
2022-04-07 16:19:00.444  INFO 47400 --- [    Test worker] o.s.m.s.b.SimpleBrokerMessageHandler     : Started.
2022-04-07 16:19:00.454  INFO 47400 --- [    Test worker] arv.mgstest.MgstestApplicationTests      : Started MgstestApplicationTests in 2.079 seconds (JVM running for 2.888)
]]></system-out>
  <system-err><![CDATA[]]></system-err>
</testsuite>
